<?xml version="1.0" encoding="UTF-8"?>
<testng-results skipped="0" failed="0" ignored="0" total="2" passed="2">
  <reporter-output>
  </reporter-output>
  <suite name="Default suite" duration-ms="138" started-at="2020-06-18T06:32:09Z" finished-at="2020-06-18T06:32:09Z">
    <groups>
    </groups>
    <test name="Default test" duration-ms="138" started-at="2020-06-18T06:32:09Z" finished-at="2020-06-18T06:32:09Z">
      <class name="TestOne">
        <test-method status="PASS" signature="tc1()[pri:0, instance:TestOne@8bd1b6a]" name="tc1" duration-ms="15" started-at="2020-06-18T06:32:09Z" finished-at="2020-06-18T06:32:09Z">
          <reporter-output>
          </reporter-output>
        </test-method> <!-- tc1 -->
        <test-method status="PASS" signature="tc2()[pri:0, instance:TestOne@8bd1b6a]" name="tc2" duration-ms="2" started-at="2020-06-18T06:32:09Z" finished-at="2020-06-18T06:32:09Z">
          <reporter-output>
          </reporter-output>
        </test-method> <!-- tc2 -->
      </class> <!-- TestOne -->
    </test> <!-- Default test -->
  </suite> <!-- Default suite -->
</testng-results>
